<?xml version="1.0" encoding="UTF-8"?>
<!-- Generated by org.testng.reporters.JUnitReportReporter -->
<testsuite hostname="King_Vishwa" failures="0" tests="1" name="Assertion.SoftAssert3" time="7.142" errors="0" timestamp="2025-01-11T11:50:27 IST" skipped="0">
  <testcase classname="Assertion.SoftAssert3" name="login" time="7.142"/>
  <system-out>
    <![CDATA[Login page Is Displayed 
Home page Is Displayed ]]>
  </system-out>
</testsuite> <!-- Assertion.SoftAssert3 -->
