<?xml version="1.0" encoding="UTF-8"?>
<!-- Generated by org.testng.reporters.JUnitReportReporter -->
<testsuite hostname="King_Vishwa" failures="0" tests="5" name="TestNg.ToLearnTestNG" time="18.549" errors="0" timestamp="2025-01-07T12:48:22 IST" skipped="0">
  <testcase classname="TestNg.ToLearnTestNG" name="register" time="4.191"/>
  <system-out>
    <![CDATA[user register is succesfuly]]>
  </system-out>
  <testcase classname="TestNg.ToLearnTestNG" name="login" time="2.199"/>
  <system-out>
    <![CDATA[user login is succesfuly]]>
  </system-out>
  <testcase classname="TestNg.ToLearnTestNG" name="login" time="3.822"/>
  <system-out>
    <![CDATA[user login is succesfuly]]>
  </system-out>
  <testcase classname="TestNg.ToLearnTestNG" name="login" time="4.224"/>
  <system-out>
    <![CDATA[user login is succesfuly]]>
  </system-out>
  <testcase classname="TestNg.ToLearnTestNG" name="login" time="4.113"/>
  <system-out>
    <![CDATA[user login is succesfuly]]>
  </system-out>
</testsuite> <!-- TestNg.ToLearnTestNG -->
