<?xml version="1.0" encoding="UTF-8"?>
<!-- Generated by org.testng.reporters.JUnitReportReporter -->
<testsuite hostname="King_Vishwa" failures="0" tests="1" name="Cars.Audi" time="5.908" errors="0" timestamp="2024-10-26T14:05:38 IST" skipped="0">
  <testcase classname="Cars.Audi" name="launch" time="5.908"/>
  <system-out>
    <![CDATA[Audi launched successfully]]>
  </system-out>
</testsuite> <!-- Cars.Audi -->
