<?xml version="1.0" encoding="UTF-8"?>
<!-- Generated by org.testng.reporters.JUnitReportReporter -->
<testsuite hostname="King_Vishwa" failures="0" tests="4" name="DataProvider.ToLearnDataProvider2" time="9.838" errors="0" timestamp="2025-01-27T01:06:28 IST" skipped="0">
  <testcase classname="DataProvider.ToLearnDataProvider2" name="loigin" time="2.803"/>
  <system-out/>
  <testcase classname="DataProvider.ToLearnDataProvider2" name="loigin" time="2.213"/>
  <system-out/>
  <testcase classname="DataProvider.ToLearnDataProvider2" name="loigin" time="2.564"/>
  <system-out/>
  <testcase classname="DataProvider.ToLearnDataProvider2" name="loigin" time="2.258"/>
  <system-out/>
</testsuite> <!-- DataProvider.ToLearnDataProvider2 -->
