<?xml version="1.0" encoding="UTF-8"?>
<!-- Generated by org.testng.reporters.JUnitReportReporter -->
<testsuite hostname="King_Vishwa" failures="1" tests="3" name="TestNg.DependsOnMethod" time="5.614" errors="0" timestamp="2025-01-07T17:12:06 IST" skipped="1">
  <testcase classname="TestNg.DependsOnMethod" name="addProduct" time="0.000">
    <skipped/>
  </testcase> <!-- addProduct -->
  <system-out/>
  <testcase classname="TestNg.DependsOnMethod" name="login" time="2.141">
    <failure message="login failled" type="java.lang.AssertionError">
      <![CDATA[java.lang.AssertionError: login failled
at org.testng.Assert.fail(Assert.java:99)
at TestNg.DependsOnMethod.login(DependsOnMethod.java:29)
at java.base/jdk.internal.reflect.DirectMethodHandleAccessor.invoke(DirectMethodHandleAccessor.java:103)
at java.base/java.lang.reflect.Method.invoke(Method.java:580)
at org.testng.internal.MethodInvocationHelper.invokeMethod(MethodInvocationHelper.java:133)
at org.testng.internal.TestInvoker.invokeMethod(TestInvoker.java:598)
at org.testng.internal.TestInvoker.invokeTestMethod(TestInvoker.java:173)
at org.testng.internal.MethodRunner.runInSequence(MethodRunner.java:46)
at org.testng.internal.TestInvoker$MethodInvocationAgent.invoke(TestInvoker.java:824)
at org.testng.internal.TestInvoker.invokeTestMethods(TestInvoker.java:146)
at org.testng.internal.TestMethodWorker.invokeTestMethods(TestMethodWorker.java:146)
at org.testng.internal.TestMethodWorker.run(TestMethodWorker.java:128)
at java.base/java.util.concurrent.ThreadPoolExecutor.runWorker(ThreadPoolExecutor.java:1144)
at java.base/java.util.concurrent.ThreadPoolExecutor$Worker.run(ThreadPoolExecutor.java:642)
at java.base/java.lang.Thread.run(Thread.java:1570)
]]>
    </failure>
  </testcase> <!-- login -->
  <system-out>
    <![CDATA[user login is succesfuly]]>
  </system-out>
  <testcase classname="TestNg.DependsOnMethod" name="register" time="3.473"/>
  <system-out>
    <![CDATA[user register is succesfuly]]>
  </system-out>
</testsuite> <!-- TestNg.DependsOnMethod -->
