<?xml version="1.0" encoding="UTF-8"?>
<!-- Generated by org.testng.reporters.JUnitReportReporter -->
<testsuite hostname="King_Vishwa" failures="0" tests="1" name="Listeners.TestScript3" time="0.014" errors="0" timestamp="2024-12-10T17:48:35 IST" skipped="0">
  <testcase classname="Listeners.TestScript3" name="login" time="0.014"/>
  <system-out>
    <![CDATA[Open the browser
Navigate To Url
Click on login
Enter Valid Credentials
Click on Login Button
TestScript is passed]]>
  </system-out>
</testsuite> <!-- Listeners.TestScript3 -->
