<?xml version="1.0" encoding="UTF-8"?>
<!-- Generated by org.testng.reporters.JUnitReportReporter -->
<testsuite hostname="King_Vishwa" failures="0" tests="1" name="miniProject.Testscript2" time="11.344" errors="0" timestamp="2025-01-18T14:56:19 IST" skipped="0">
  <testcase classname="miniProject.Testscript2" name="clickOnComputer" time="11.344"/>
  <system-out>
    <![CDATA[Desktops Page is displayed
Test Script Passed]]>
  </system-out>
</testsuite> <!-- miniProject.Testscript2 -->
