<?xml version="1.0" encoding="UTF-8"?>
<!-- Generated by org.testng.reporters.JUnitReportReporter -->
<testsuite hostname="King_Vishwa" failures="0" tests="1" name="Bikes.Ducati" time="4.082" errors="0" timestamp="2024-10-21T01:12:19 IST" skipped="0">
  <testcase classname="Bikes.Ducati" name="launch" time="4.082"/>
  <system-out>
    <![CDATA[Ducati launched successfully]]>
  </system-out>
</testsuite> <!-- Bikes.Ducati -->
