<?xml version="1.0" encoding="UTF-8"?>
<!-- Generated by org.testng.reporters.JUnitReportReporter -->
<testsuite hostname="King_Vishwa" failures="0" tests="1" name="PomDataDrivenTestng.TestScript" time="3.543" errors="0" timestamp="2025-01-09T11:21:44 IST" skipped="0">
  <testcase classname="PomDataDrivenTestng.TestScript" name="clickOnBook" time="3.543"/>
  <system-out>
    <![CDATA[Book Page Is displayed]]>
  </system-out>
</testsuite> <!-- PomDataDrivenTestng.TestScript -->
