<?xml version="1.0" encoding="UTF-8"?>
<!-- Generated by org.testng.reporters.JUnitReportReporter -->
<testsuite hostname="King_Vishwa" failures="0" tests="1" name="TestNg.TC_0012" time="6.073" errors="0" timestamp="2025-01-07T17:12:06 IST" skipped="0">
  <testcase classname="TestNg.TC_0012" name="clickOnBook" time="6.073"/>
  <system-out>
    <![CDATA[Books page is Displayed
computer page is Displayed]]>
  </system-out>
</testsuite> <!-- TestNg.TC_0012 -->
