<?xml version="1.0" encoding="UTF-8"?>
<!-- Generated by org.testng.reporters.JUnitReportReporter -->
<testsuite hostname="King_Vishwa" failures="0" tests="1" name="Bikes.Yamaha" time="5.762" errors="0" timestamp="2024-10-21T01:19:28 IST" skipped="0">
  <testcase classname="Bikes.Yamaha" name="launch" time="5.762"/>
  <system-out>
    <![CDATA[Yamaha launched successfully]]>
  </system-out>
</testsuite> <!-- Bikes.Yamaha -->
