<?xml version="1.0" encoding="UTF-8"?>
<!-- Generated by org.testng.reporters.JUnitReportReporter -->
<testsuite hostname="King_Vishwa" failures="0" tests="1" name="miniProject.TestScript1" time="7.000" errors="0" timestamp="2025-01-27T22:29:57 IST" skipped="0">
  <testcase classname="miniProject.TestScript1" name="clickOnBook" time="7.000"/>
  <system-out>
    <![CDATA[Price: Low to High  Is Displayed in Book Page
Test Script Passed]]>
  </system-out>
</testsuite> <!-- miniProject.TestScript1 -->
