<?xml version="1.0" encoding="UTF-8"?>
<!-- Generated by org.testng.reporters.JUnitReportReporter -->
<testsuite hostname="King_Vishwa" failures="0" tests="1" name="PomDataDrivenTestng.TestScript3" time="3.037" errors="0" timestamp="2025-01-10T00:02:09 IST" skipped="0">
  <testcase classname="PomDataDrivenTestng.TestScript3" name="clickOnComputers" time="3.037"/>
  <system-out>
    <![CDATA[Gift Card Page Is  displayed]]>
  </system-out>
</testsuite> <!-- PomDataDrivenTestng.TestScript3 -->
