<?xml version="1.0" encoding="UTF-8"?>
<!-- Generated by org.testng.reporters.JUnitReportReporter -->
<testsuite hostname="King_Vishwa" failures="0" tests="1" name="TestNg.TC_0014" time="5.339" errors="0" timestamp="2025-01-07T17:12:06 IST" skipped="0">
  <testcase classname="TestNg.TC_0014" name="clickOnElectronics" time="5.339"/>
  <system-out>
    <![CDATA[Electronics Page is Displayed]]>
  </system-out>
</testsuite> <!-- TestNg.TC_0014 -->
