<?xml version="1.0" encoding="UTF-8"?>
<!-- Generated by org.testng.reporters.JUnitReportReporter -->
<testsuite hostname="King_Vishwa" failures="0" tests="1" name="TestNg.TC_0015" time="5.136" errors="0" timestamp="2025-01-07T17:12:06 IST" skipped="0">
  <testcase classname="TestNg.TC_0015" name="clickOnGiftCards" time="5.136"/>
  <system-out>
    <![CDATA[Gift Cards Page is Displayed]]>
  </system-out>
</testsuite> <!-- TestNg.TC_0015 -->
