<?xml version="1.0" encoding="UTF-8"?>
<!-- Generated by org.testng.reporters.JUnitReportReporter -->
<testsuite hostname="King_Vishwa" failures="0" tests="1" name="Assertion.HardAssert" time="6.032" errors="0" timestamp="2024-12-06T17:39:46 IST" skipped="0">
  <testcase classname="Assertion.HardAssert" name="login" time="6.032"/>
  <system-out>
    <![CDATA[Login page Is Displayed 
Home page Is Displayed ]]>
  </system-out>
</testsuite> <!-- Assertion.HardAssert -->
