<?xml version="1.0" encoding="UTF-8"?>
<!-- Generated by org.testng.reporters.JUnitReportReporter -->
<testsuite hostname="King_Vishwa" failures="0" tests="2" name="TestNg.ConfigurationAnnotation2" time="0.009" errors="0" timestamp="2025-01-07T11:42:47 IST" skipped="0">
  <testcase classname="TestNg.ConfigurationAnnotation2" name="demo" time="0.007"/>
  <system-out>
    <![CDATA[ @Test Demo Executed]]>
  </system-out>
  <testcase classname="TestNg.ConfigurationAnnotation2" name="sample" time="0.002"/>
  <system-out>
    <![CDATA[ @Test Sample Executed]]>
  </system-out>
</testsuite> <!-- TestNg.ConfigurationAnnotation2 -->
