<?xml version="1.0" encoding="UTF-8"?>
<!-- Generated by org.testng.reporters.JUnitReportReporter -->
<testsuite hostname="King_Vishwa" failures="0" tests="1" name="TC_0013" time="2.997" errors="0" timestamp="2024-11-29T17:27:24 IST" skipped="0">
  <testcase classname="TC_0013" name="clickOnComputer" time="2.997"/>
  <system-out>
    <![CDATA[Computer Page is Displayed]]>
  </system-out>
</testsuite> <!-- TC_0013 -->
