<?xml version="1.0" encoding="UTF-8"?>
<!-- Generated by org.testng.reporters.JUnitReportReporter -->
<testsuite hostname="King_Vishwa" failures="0" tests="1" name="Listeners.TestScriptListner3" time="0.011" errors="0" timestamp="2025-01-16T11:07:24 IST" skipped="0">
  <testcase classname="Listeners.TestScriptListner3" name="login" time="0.011"/>
  <system-out>
    <![CDATA[Open Browser
NAvigate to URl
Click on Login Link
Enter Valid Credential
click on login link
Test script Passed]]>
  </system-out>
</testsuite> <!-- Listeners.TestScriptListner3 -->
