<?xml version="1.0" encoding="UTF-8"?>
<!-- Generated by org.testng.reporters.JUnitReportReporter -->
<testsuite hostname="King_Vishwa" failures="0" tests="2" name="TestNg.ConfigurationAnnotations" time="0.009" errors="0" timestamp="2024-10-19T13:43:05 IST" skipped="0">
  <testcase classname="TestNg.ConfigurationAnnotations" name="demo" time="0.007"/>
  <system-out>
    <![CDATA[Test Demo Test Cases Executed]]>
  </system-out>
  <testcase classname="TestNg.ConfigurationAnnotations" name="sample" time="0.002"/>
  <system-out>
    <![CDATA[Test Sample]]>
  </system-out>
</testsuite> <!-- TestNg.ConfigurationAnnotations -->
