<?xml version="1.0" encoding="UTF-8"?>
<!-- Generated by org.testng.reporters.JUnitReportReporter -->
<testsuite hostname="King_Vishwa" failures="0" tests="1" name="TestNg.TestScript" time="3.717" errors="0" timestamp="2025-01-07T11:41:19 IST" skipped="0">
  <testcase classname="TestNg.TestScript" name="clickOnBook" time="3.717"/>
  <system-out>
    <![CDATA[Books Page is Displayed]]>
  </system-out>
</testsuite> <!-- TestNg.TestScript -->
