<?xml version="1.0" encoding="UTF-8"?>
<!-- Generated by org.testng.reporters.JUnitReportReporter -->
<testsuite hostname="King_Vishwa" failures="0" tests="1" name="TestNg.BAseClass12TestScript12" time="3.318" errors="0" timestamp="2025-01-09T01:31:54 IST" skipped="0">
  <testcase classname="TestNg.BAseClass12TestScript12" name="clickOnBook" time="3.318"/>
  <system-out>
    <![CDATA[Book Page Is displayed]]>
  </system-out>
</testsuite> <!-- TestNg.BAseClass12TestScript12 -->
