<?xml version="1.0" encoding="UTF-8"?>
<!-- Generated by org.testng.reporters.JUnitReportReporter -->
<testsuite hostname="King_Vishwa" failures="0" tests="1" name="TestNg.TestScriptBase" time="6.579" errors="0" timestamp="2025-01-09T01:19:20 IST" skipped="0">
  <testcase classname="TestNg.TestScriptBase" name="clickOnBook" time="6.579"/>
  <system-out>
    <![CDATA[Books Page is Displayed]]>
  </system-out>
</testsuite> <!-- TestNg.TestScriptBase -->
