<?xml version="1.0" encoding="UTF-8"?>
<!-- Generated by org.testng.reporters.JUnitReportReporter -->
<testsuite hostname="King_Vishwa" failures="0" tests="1" name="cars2.Audi" time="66.624" errors="0" timestamp="2024-11-27T17:43:43 IST" skipped="0">
  <testcase classname="cars2.Audi" name="launch" time="66.624"/>
  <system-out>
    <![CDATA[Audi launched successfully]]>
  </system-out>
</testsuite> <!-- cars2.Audi -->
