<?xml version="1.0" encoding="UTF-8"?>
<!-- Generated by org.testng.reporters.JUnitReportReporter -->
<testsuite hostname="King_Vishwa" failures="0" tests="1" name="cars2.Tata" time="31.501" errors="0" timestamp="2024-11-27T17:19:38 IST" skipped="0">
  <testcase classname="cars2.Tata" name="launch" time="31.501"/>
  <system-out>
    <![CDATA[Tata launched Successfully]]>
  </system-out>
</testsuite> <!-- cars2.Tata -->
