<?xml version="1.0" encoding="UTF-8"?>
<!-- Generated by org.testng.reporters.JUnitReportReporter -->
<testsuite hostname="King_Vishwa" failures="0" tests="1" name="TestNg.BaseClass12TestScript123" time="3.529" errors="0" timestamp="2025-01-09T01:31:54 IST" skipped="0">
  <testcase classname="TestNg.BaseClass12TestScript123" name="clickOnComputers" time="3.529"/>
  <system-out>
    <![CDATA[Computers Page Is  displayed]]>
  </system-out>
</testsuite> <!-- TestNg.BaseClass12TestScript123 -->
