<?xml version="1.0" encoding="UTF-8"?>
<!-- Generated by org.testng.reporters.JUnitReportReporter -->
<testsuite hostname="King_Vishwa" failures="0" tests="3" name="CrossBrowserTesting.ToLearnCrossBrowserTesting" time="15.555" errors="0" timestamp="2025-01-28T23:12:53 IST" skipped="0">
  <testcase classname="CrossBrowserTesting.ToLearnCrossBrowserTesting" name="launch" time="7.243"/>
  <system-out/>
  <testcase classname="CrossBrowserTesting.ToLearnCrossBrowserTesting" name="launch" time="2.126"/>
  <system-out/>
  <testcase classname="CrossBrowserTesting.ToLearnCrossBrowserTesting" name="launch" time="6.186"/>
  <system-out/>
</testsuite> <!-- CrossBrowserTesting.ToLearnCrossBrowserTesting -->
