<?xml version="1.0" encoding="UTF-8"?>
<!-- Generated by org.testng.reporters.JUnitReportReporter -->
<testsuite hostname="King_Vishwa" failures="0" tests="1" name="TestNg.TestScriptSkillaary" time="6.503" errors="0" timestamp="2025-01-09T01:11:36 IST" skipped="0">
  <testcase classname="TestNg.TestScriptSkillaary" name="sellsHistory" time="6.503"/>
  <system-out>
    <![CDATA[Sales History page is Displayed]]>
  </system-out>
</testsuite> <!-- TestNg.TestScriptSkillaary -->
