<?xml version="1.0" encoding="UTF-8"?>
<!-- Generated by org.testng.reporters.JUnitReportReporter -->
<testsuite hostname="King_Vishwa" failures="0" tests="1" name="Assertion.JavaConditions" time="5.904" errors="0" timestamp="2024-10-24T00:18:54 IST" skipped="0">
  <testcase classname="Assertion.JavaConditions" name="login" time="5.904"/>
  <system-out>
    <![CDATA[Welcome page is Displayed
Ligin Page is Displayed
Home Page is Displayed]]>
  </system-out>
</testsuite> <!-- Assertion.JavaConditions -->
