<?xml version="1.0" encoding="UTF-8"?>
<!-- Generated by org.testng.reporters.JUnitReportReporter -->
<testsuite hostname="King_Vishwa" failures="0" tests="1" name="Cars.Tata" time="2.624" errors="0" timestamp="2024-10-26T14:08:15 IST" skipped="0">
  <testcase classname="Cars.Tata" name="launch" time="2.624"/>
  <system-out>
    <![CDATA[Tata launched Successfully]]>
  </system-out>
</testsuite> <!-- Cars.Tata -->
