<?xml version="1.0" encoding="UTF-8"?>
<!-- Generated by org.testng.reporters.JUnitReportReporter -->
<testsuite hostname="King_Vishwa" failures="0" tests="4" name="DataProvider.DataProvider3" time="42.468" errors="0" timestamp="2025-01-27T01:10:48 IST" skipped="0">
  <testcase classname="DataProvider.DataProvider3" name="loigin" time="10.220"/>
  <system-out/>
  <testcase classname="DataProvider.DataProvider3" name="loigin" time="11.525"/>
  <system-out/>
  <testcase classname="DataProvider.DataProvider3" name="loigin" time="10.677"/>
  <system-out/>
  <testcase classname="DataProvider.DataProvider3" name="loigin" time="10.046"/>
  <system-out/>
</testsuite> <!-- DataProvider.DataProvider3 -->
