<?xml version="1.0" encoding="UTF-8"?>
<!-- Generated by org.testng.reporters.JUnitReportReporter -->
<testsuite hostname="King_Vishwa" failures="0" tests="1" name="PomDataDrivenTestng.TestScript1" time="3.653" errors="0" timestamp="2025-01-10T00:02:09 IST" skipped="0">
  <testcase classname="PomDataDrivenTestng.TestScript1" name="clickOnBook" time="3.653"/>
  <system-out>
    <![CDATA[Book Page Is displayed]]>
  </system-out>
</testsuite> <!-- PomDataDrivenTestng.TestScript1 -->
