<?xml version="1.0" encoding="UTF-8"?>
<!-- Generated by org.testng.reporters.JUnitReportReporter -->
<testsuite hostname="King_Vishwa" failures="0" tests="1" name="TestNg.TC_0013" time="5.349" errors="0" timestamp="2025-01-07T17:12:06 IST" skipped="0">
  <testcase classname="TestNg.TC_0013" name="clickOnComputer" time="5.349"/>
  <system-out>
    <![CDATA[Computer Page is Displayed]]>
  </system-out>
</testsuite> <!-- TestNg.TC_0013 -->
