<?xml version="1.0" encoding="UTF-8"?>
<!-- Generated by org.testng.reporters.JUnitReportReporter -->
<testsuite hostname="King_Vishwa" failures="0" tests="1" name="Bikes.Honda" time="7.959" errors="0" timestamp="2024-10-21T01:15:13 IST" skipped="0">
  <testcase classname="Bikes.Honda" name="launch" time="7.959"/>
  <system-out>
    <![CDATA[Honda launched successfully]]>
  </system-out>
</testsuite> <!-- Bikes.Honda -->
