<?xml version="1.0" encoding="UTF-8"?>
<!-- Generated by org.testng.reporters.JUnitReportReporter -->
<testsuite hostname="King_Vishwa" failures="0" tests="1" name="Cars.Ferrari" time="4.350" errors="0" timestamp="2024-10-26T14:05:38 IST" skipped="0">
  <testcase classname="Cars.Ferrari" name="launch" time="4.350"/>
  <system-out>
    <![CDATA[Ferrari launched Successfully]]>
  </system-out>
</testsuite> <!-- Cars.Ferrari -->
