<?xml version="1.0" encoding="UTF-8"?>
<!-- Generated by org.testng.reporters.JUnitReportReporter -->
<testsuite hostname="King_Vishwa" failures="0" tests="1" name="Assertion.ToLearnSoftAssert" time="5.852" errors="0" timestamp="2024-10-24T00:23:07 IST" skipped="0">
  <testcase classname="Assertion.ToLearnSoftAssert" name="login" time="5.852"/>
  <system-out>
    <![CDATA[WELCOME PAGE IS DISPLAYED
Login Page is Displayed
Home page Is Displayed]]>
  </system-out>
</testsuite> <!-- Assertion.ToLearnSoftAssert -->
